<?xml version="1.0" encoding="UTF-8"?>
<testsuite xmlns:xsi="http://www.w3.org/2001/XMLSchema-instance" xsi:noNamespaceSchemaLocation="https://maven.apache.org/surefire/maven-surefire-plugin/xsd/surefire-test-report.xsd" name="automation_practice.Tests.RegistrationTest" time="87.888" tests="2" errors="0" skipped="0" failures="0">
  <properties>
[...]
</properties>
  <testcase name="registrationWithInvalidValuesTest" classname="automation_practice.Tests.RegistrationTest" time="21.255"/>
  <testcase name="registrationWithValidValuesTest" classname="automation_practice.Tests.RegistrationTest" time="18.065"/>
</testsuite>